14:28:56 **** Build of configuration Nios II for project usb_kb ****
make all 
Info: Building ../usb_kb_bsp/
C:/intelFPGA_lite/18.1/nios2eds/bin/gnu/H-x86_64-mingw32/bin/make --no-print-directory -C ../usb_kb_bsp/
[BSP build complete]
Info: Compiling io_handler.c to obj/default/io_handler.o
nios2-elf-gcc -xc -MP -MMD -c -I../usb_kb_bsp//HAL/inc -I../usb_kb_bsp/ -I../usb_kb_bsp//drivers/inc  -pipe -D__hal__ -DALT_NO_INSTRUCTION_EMULATION -DALT_SINGLE_THREADED    -O0 -g -Wall   -mno-hw-div -mno-hw-mul -mno-hw-mulx -mgpopt=global  -o obj/default/io_handler.o io_handler.c
Info: Compiling usb.c to obj/default/usb.o
nios2-elf-gcc -xc -MP -MMD -c -I../usb_kb_bsp//HAL/inc -I../usb_kb_bsp/ -I../usb_kb_bsp//drivers/inc  -pipe -D__hal__ -DALT_NO_INSTRUCTION_EMULATION -DALT_SINGLE_THREADED    -O0 -g -Wall   -mno-hw-div -mno-hw-mul -mno-hw-mulx -mgpopt=global  -o obj/default/usb.o usb.c
Info: Linking usb_kb.elf
nios2-elf-g++  -T'../usb_kb_bsp//linker.x' -msys-crt0='../usb_kb_bsp//obj/HAL/src/crt0.o' -msys-lib=hal_bsp -L../usb_kb_bsp/   -Wl,-Map=usb_kb.map   -O0 -g -Wall   -mno-hw-div -mno-hw-mul -mno-hw-mulx -mgpopt=global  -o usb_kb.elf obj/default/io_handler.o obj/default/main.o obj/default/usb.o -lm -msys-lib=m
nios2-elf-insert usb_kb.elf --thread_model hal --cpu_name nios2_gen2_0 --qsys true --simulation_enabled false --id 0 --sidp 0xe8 --timestamp 1585423592 --stderr_dev jtag_uart_0 --stdin_dev jtag_uart_0 --stdout_dev jtag_uart_0 --sopc_system_name lab8_soc --quartus_project_dir "C:/Users/Anshul/Desktop/ECE385/Labs/lab8" --jdi C:/Users/Anshul/Desktop/ECE385/Labs/lab8/software/usb_kb_bsp/../../lab8.jdi --sopcinfo C:/Users/Anshul/Desktop/ECE385/Labs/lab8/software/usb_kb_bsp/../../lab8_soc.sopcinfo
Info: (usb_kb.elf) 80 KBytes program size (code + initialized data).
Info:              130984 KBytes free for stack + heap.
Info: Creating usb_kb.objdump
nios2-elf-objdump --disassemble --syms --all-header --source usb_kb.elf >usb_kb.objdump
[usb_kb build complete]
14:29:00 **** Build of configuration Nios II for project usb_kb_bsp ****
make all 
[BSP build complete]
14:29:26 **** Incremental Build of configuration Nios II for project usb_kb ****
make all 
Info: Building ../usb_kb_bsp/
C:/intelFPGA_lite/18.1/nios2eds/bin/gnu/H-x86_64-mingw32/bin/make --no-print-directory -C ../usb_kb_bsp/
[BSP build complete]
[usb_kb build complete]
14:31:34 **** Incremental Build of configuration Nios II for project usb_kb ****
make all 
Info: Building ../usb_kb_bsp/
C:/intelFPGA_lite/18.1/nios2eds/bin/gnu/H-x86_64-mingw32/bin/make --no-print-directory -C ../usb_kb_bsp/
[BSP build complete]
[usb_kb build complete]
